app/build/intermediates/manifest_merge_blame_file/debug/manifest-merger-blame-debug-report.txt
1<?xml version="1.0" encoding="utf-8"?>
2<manifest xmlns:android="http://schemas.android.com/apk/res/android"
3    package="com.example.touristguide"
4    android:versionCode="1"
5    android:versionName="1.0" >
6
7    <uses-sdk
8        android:minSdkVersion="24"
8-->src\main\AndroidManifest.xml
9        android:targetSdkVersion="33" />
9-->src\main\AndroidManifest.xml
10
11    <uses-permission android:name="android.permission.INTERNET" />
11-->src\main\AndroidManifest.xml:2:1-62
11-->src\main\AndroidManifest.xml:2:18-60
12    <uses-permission android:name="android.permission.ACCESS_COARSE_LOCATION" />
12-->src\main\AndroidManifest.xml:3:1-76
12-->src\main\AndroidManifest.xml:3:18-74
13    <uses-permission android:name="android.permission.ACCESS_FINE_LOCATION" />
13-->src\main\AndroidManifest.xml:4:1-74
13-->src\main\AndroidManifest.xml:4:18-72
14
15    <permission
15-->[androidx.core:core:1.9.0] AndroidManifest.xml:22:5-24:47
16        android:name="com.example.touristguide.DYNAMIC_RECEIVER_NOT_EXPORTED_PERMISSION"
16-->[androidx.core:core:1.9.0] AndroidManifest.xml:23:9-81
17        android:protectionLevel="signature" />
17-->[androidx.core:core:1.9.0] AndroidManifest.xml:24:9-44
18
19    <uses-permission android:name="com.example.touristguide.DYNAMIC_RECEIVER_NOT_EXPORTED_PERMISSION" />
19-->[androidx.core:core:1.9.0] AndroidManifest.xml:26:5-97
19-->[androidx.core:core:1.9.0] AndroidManifest.xml:26:22-94
20
21    <application
21-->src\main\AndroidManifest.xml:5:1-19:15
22        android:allowBackup="true"
22-->src\main\AndroidManifest.xml:5:14-40
23        android:appComponentFactory="androidx.core.app.CoreComponentFactory"
23-->[androidx.core:core:1.9.0] AndroidManifest.xml:28:18-86
24        android:debuggable="true"
25        android:extractNativeLibs="false"
26        android:icon="@mipmap/trlogo"
26-->src\main\AndroidManifest.xml:5:41-70
27        android:label="@string/app_name"
27-->src\main\AndroidManifest.xml:5:71-103
28        android:roundIcon="@mipmap/trlogo"
28-->src\main\AndroidManifest.xml:5:104-138
29        android:supportsRtl="true"
29-->src\main\AndroidManifest.xml:5:139-165
30        android:theme="@style/AppTheme" >
30-->src\main\AndroidManifest.xml:5:166-197
31        <activity
31-->src\main\AndroidManifest.xml:6:5-12:16
32            android:name="com.example.touristguide.LoginPage"
32-->src\main\AndroidManifest.xml:6:15-40
33            android:exported="true" >
33-->src\main\AndroidManifest.xml:7:9-32
34            <intent-filter>
34-->src\main\AndroidManifest.xml:8:9-11:25
35                <action android:name="android.intent.action.MAIN" />
35-->src\main\AndroidManifest.xml:9:13-64
35-->src\main\AndroidManifest.xml:9:21-62
36
37                <category android:name="android.intent.category.LAUNCHER" />
37-->src\main\AndroidManifest.xml:10:13-72
37-->src\main\AndroidManifest.xml:10:23-70
38            </intent-filter>
39        </activity>
40        <activity android:name="com.example.touristguide.MainActivity" />
40-->src\main\AndroidManifest.xml:13:5-45
40-->src\main\AndroidManifest.xml:13:15-43
41        <activity android:name="com.example.touristguide.WelcomePage" />
41-->src\main\AndroidManifest.xml:14:5-44
41-->src\main\AndroidManifest.xml:14:15-42
42        <activity android:name="com.example.touristguide.retrivecity" />
42-->src\main\AndroidManifest.xml:15:5-44
42-->src\main\AndroidManifest.xml:15:15-42
43        <activity android:name="com.example.touristguide.retrivecityloc" />
43-->src\main\AndroidManifest.xml:16:5-47
43-->src\main\AndroidManifest.xml:16:15-45
44        <activity android:name="com.example.touristguide.cityshorting" />
44-->src\main\AndroidManifest.xml:17:5-45
44-->src\main\AndroidManifest.xml:17:15-43
45        <activity android:name="com.example.touristguide.Advertise" />
45-->src\main\AndroidManifest.xml:18:5-42
45-->src\main\AndroidManifest.xml:18:15-40
46
47        <provider
47-->[androidx.emoji2:emoji2:1.2.0] AndroidManifest.xml:24:9-32:20
48            android:name="androidx.startup.InitializationProvider"
48-->[androidx.emoji2:emoji2:1.2.0] AndroidManifest.xml:25:13-67
49            android:authorities="com.example.touristguide.androidx-startup"
49-->[androidx.emoji2:emoji2:1.2.0] AndroidManifest.xml:26:13-68
50            android:exported="false" >
50-->[androidx.emoji2:emoji2:1.2.0] AndroidManifest.xml:27:13-37
51            <meta-data
51-->[androidx.emoji2:emoji2:1.2.0] AndroidManifest.xml:29:13-31:52
52                android:name="androidx.emoji2.text.EmojiCompatInitializer"
52-->[androidx.emoji2:emoji2:1.2.0] AndroidManifest.xml:30:17-75
53                android:value="androidx.startup" />
53-->[androidx.emoji2:emoji2:1.2.0] AndroidManifest.xml:31:17-49
54            <meta-data
54-->[androidx.lifecycle:lifecycle-process:2.4.1] AndroidManifest.xml:31:13-33:52
55                android:name="androidx.lifecycle.ProcessLifecycleInitializer"
55-->[androidx.lifecycle:lifecycle-process:2.4.1] AndroidManifest.xml:32:17-78
56                android:value="androidx.startup" />
56-->[androidx.lifecycle:lifecycle-process:2.4.1] AndroidManifest.xml:33:17-49
57        </provider>
58    </application>
59
60</manifest>